<?xml version="1.0" encoding="UTF-8"?>
<testng-results ignored="0" total="1" passed="1" failed="0" skipped="0">
  <reporter-output>
  </reporter-output>
  <suite started-at="2025-05-04T11:26:03 IST" name="Suite" finished-at="2025-05-04T11:26:18 IST" duration-ms="14822">
    <groups>
    </groups>
    <test started-at="2025-05-04T11:26:03 IST" name="Test" finished-at="2025-05-04T11:26:18 IST" duration-ms="14822">
      <class name="POM_OrangeHRM.LoginTest">
        <test-method is-config="true" signature="setup()[pri:0, instance:POM_OrangeHRM.LoginTest@7ec7ffd3]" started-at="2025-05-04T11:26:03 IST" name="setup" finished-at="2025-05-04T11:26:15 IST" duration-ms="11646" status="PASS">
          <reporter-output>
          </reporter-output>
        </test-method> <!-- setup -->
        <test-method signature="testLogin()[pri:0, instance:POM_OrangeHRM.LoginTest@7ec7ffd3]" started-at="2025-05-04T11:26:15 IST" name="testLogin" finished-at="2025-05-04T11:26:18 IST" duration-ms="2886" status="PASS">
          <reporter-output>
          </reporter-output>
        </test-method> <!-- testLogin -->
        <test-method is-config="true" signature="tearDown()[pri:0, instance:POM_OrangeHRM.LoginTest@7ec7ffd3]" started-at="2025-05-04T11:26:18 IST" name="tearDown" finished-at="2025-05-04T11:26:18 IST" duration-ms="251" status="PASS">
          <reporter-output>
          </reporter-output>
        </test-method> <!-- tearDown -->
      </class> <!-- POM_OrangeHRM.LoginTest -->
    </test> <!-- Test -->
  </suite> <!-- Suite -->
</testng-results>
